#
# A fatal error has been detected by the Java Runtime Environment:
#
#  EXCEPTION_ACCESS_VIOLATION (0xc0000005) at pc=0x000001f34c121066, pid=12268, tid=0x00000000000045f0
#
# JRE version: OpenJDK Runtime Environment (8.0_345-b01) (build 1.8.0_345-b01)
# Java VM: OpenJDK 64-Bit Server VM (25.345-b01 mixed mode windows-amd64 compressed oops)
# Problematic frame:
# C  [OpenAL64.dll+0x11066]
#
# Failed to write core dump. Minidumps are not enabled by default on client versions of Windows
#
# If you would like to submit a bug report, please visit:
#   https://github.com/adoptium/adoptium-support/issues
# The crash happened outside the Java Virtual Machine in native code.
# See problematic frame for where to report the bug.
#

---------------  T H R E A D  ---------------

Current thread (0x000001f3312d5800):  JavaThread "main" [_thread_in_native, id=17904, stack(0x000000c8fc500000,0x000000c8fc600000)]

siginfo: ExceptionCode=0xc0000005, reading address 0x000001f353a11004

Registers:
RAX=0x0000000000020003, RBX=0x000001f3550a0090, RCX=0x000001f353a11008, RDX=0x000001f353a11004
RSP=0x000000c8fc5fc560, RBP=0x00000000000000ff, RSI=0x000001f353a070ec, RDI=0x0000000000000000
R8 =0x00000000000027c6, R9 =0x000001f353a070ec, R10=0x000001f332e59622, R11=0x00000000675557b0
R12=0x0000000000000001, R13=0x000001f3548f4ae0, R14=0x000000c8fc5fc700, R15=0x000001f3312d5800
RIP=0x000001f34c121066, EFLAGS=0x0000000000010202

Top of Stack: (sp=0x000000c8fc5fc560)
0x000000c8fc5fc560:   0000000000000000 0000000000000000
0x000000c8fc5fc570:   0000000000000000 000001f3312d5800
0x000000c8fc5fc580:   000000c8fc5fc700 0000000000000000
0x000000c8fc5fc590:   000001f3312d5800 000001f3312c55b0
0x000000c8fc5fc5a0:   000001f3548f4ae0 000001f3548f4ae0
0x000000c8fc5fc5b0:   000001f3312a4090 00000000673ebda5
0x000000c8fc5fc5c0:   000000c8fc5fcea0 000001f3312a4050
0x000000c8fc5fc5d0:   000001f3312d5800 000000c8fc5fc700
0x000000c8fc5fc5e0:   000001f3548f4ae0 0000000000000000
0x000000c8fc5fc5f0:   000001f353a070ec 0000000000000248
0x000000c8fc5fc600:   000000c8fc5fc6c8 000001f34c12248f
0x000000c8fc5fc610:   000001f3550a0090 000001f3550a0090
0x000000c8fc5fc620:   000000000000ac44 000001f300020003
0x000000c8fc5fc630:   000001f332e47bd0 000001f332e5964e
0x000000c8fc5fc640:   000001f3548f4ae0 000000c8fc5fc648
0x000000c8fc5fc650:   000001f332e47bd0 000001f332e5935b 

Instructions: (pc=0x000001f34c121066)
0x000001f34c121046:   41 2b ec 81 3a 03 00 02 00 75 09 8b 01 89 84 24
0x000001f34c121056:   c8 00 00 00 49 83 c0 02 48 83 c1 08 4a 8d 14 86
0x000001f34c121066:   39 3a 75 af 4c 8d 84 24 c0 00 00 00 48 8d 15 d7
0x000001f34c121076:   2b 03 00 33 c9 e8 58 5f 00 00 b8 40 1f 00 00 4c 


Register to memory mapping:

RAX=0x0000000000020003 is an unknown value
RBX=0x000001f3550a0090 is an unknown value
RCX=0x000001f353a11008 is an unknown value
RDX=0x000001f353a11004 is an unknown value
RSP=0x000000c8fc5fc560 is pointing into the stack for thread: 0x000001f3312d5800
RBP=0x00000000000000ff is an unknown value
RSI=0x000001f353a070ec is an unknown value
RDI=0x0000000000000000 is an unknown value
R8 =0x00000000000027c6 is an unknown value
R9 =0x000001f353a070ec is an unknown value
R10=0x000001f332e59622 is at code_begin+962 in an Interpreter codelet
method entry point (kind = native)  [0x000001f332e59260, 0x000001f332e59d00]  2720 bytes
R11=0x00000000675557b0 is an unknown value
R12=0x0000000000000001 is an unknown value
R13={method} {0x000001f3548f4ae8} 'nalcCreateContext' '(JJ)J' in 'org/lwjgl/openal/ALC10'
R14=0x000000c8fc5fc700 is pointing into the stack for thread: 0x000001f3312d5800
R15=0x000001f3312d5800 is a thread


Stack: [0x000000c8fc500000,0x000000c8fc600000],  sp=0x000000c8fc5fc560,  free space=1009k
Native frames: (J=compiled Java code, j=interpreted, Vv=VM code, C=native code)
C  [OpenAL64.dll+0x11066]
C  [OpenAL64.dll+0x1248f]
C  0x000001f332e5964e

Java frames: (J=compiled Java code, j=interpreted, Vv=VM code)
j  org.lwjgl.openal.ALC10.nalcCreateContext(JJ)J+0
j  org.lwjgl.openal.ALC10.alcCreateContext(Lorg/lwjgl/openal/ALCdevice;Ljava/nio/IntBuffer;)Lorg/lwjgl/openal/ALCcontext;+8
j  org.lwjgl.openal.AL.init(Ljava/lang/String;IIZZ)V+69
j  org.lwjgl.openal.AL.create(Ljava/lang/String;IIZZ)V+246
j  org.lwjgl.openal.AL.create(Ljava/lang/String;IIZ)V+5
j  org.lwjgl.openal.AL.create()V+6
j  com.badlogic.gdx.backends.lwjgl.audio.OpenALAudio.<init>(III)V+114
j  com.badlogic.gdx.backends.lwjgl.LwjglApplication.<init>(Lcom/badlogic/gdx/ApplicationListener;Lcom/badlogic/gdx/backends/lwjgl/LwjglApplicationConfiguration;Lcom/badlogic/gdx/backends/lwjgl/LwjglGraphics;)V+120
j  com.badlogic.gdx.backends.lwjgl.LwjglApplication.<init>(Lcom/badlogic/gdx/ApplicationListener;Lcom/badlogic/gdx/backends/lwjgl/LwjglApplicationConfiguration;)V+11
j  org.uqbar.project.wollok.game.gameboard.WollokGDXApplication.<init>(Lorg/uqbar/project/wollok/game/gameboard/Gameboard;Ljava/lang/Boolean;)V+17
j  org.uqbar.project.wollok.game.helpers.Application.start(Lorg/uqbar/project/wollok/game/gameboard/Gameboard;Ljava/lang/Boolean;)V+5
j  org.uqbar.project.wollok.game.gameboard.Gameboard.start(Ljava/lang/Boolean;)V+13
j  wollok.game.GameObject.doStart(Ljava/lang/Boolean;)V+12
v  ~StubRoutines::call_stub
J 3594  sun.reflect.NativeMethodAccessorImpl.invoke0(Ljava/lang/reflect/Method;Ljava/lang/Object;[Ljava/lang/Object;)Ljava/lang/Object; (0 bytes) @ 0x000001f333bacaff [0x000001f333baca80+0x7f]
J 3593 C1 sun.reflect.NativeMethodAccessorImpl.invoke(Ljava/lang/Object;[Ljava/lang/Object;)Ljava/lang/Object; (104 bytes) @ 0x000001f333bb2dfc [0x000001f333bb1c00+0x11fc]
J 2993 C1 sun.reflect.DelegatingMethodAccessorImpl.invoke(Ljava/lang/Object;[Ljava/lang/Object;)Ljava/lang/Object; (10 bytes) @ 0x000001f3339aa20c [0x000001f3339aa100+0x10c]
J 2992 C1 java.lang.reflect.Method.invoke(Ljava/lang/Object;[Ljava/lang/Object;)Ljava/lang/Object; (62 bytes) @ 0x000001f3339af4b4 [0x000001f3339af0c0+0x3f4]
j  org.uqbar.project.wollok.ui.utils.XTendUtilExtensions.invokeConvertingArgs(Ljava/lang/reflect/Method;Ljava/lang/Object;[Ljava/lang/Object;)Lorg/uqbar/project/wollok/interpreter/core/WollokObject;+261
j  org.uqbar.project.wollok.interpreter.AbstractWollokCallable._invokeNative(Ljava/lang/Object;Ljava/lang/String;[Lorg/uqbar/project/wollok/interpreter/core/WollokObject;)Lorg/uqbar/project/wollok/interpreter/core/WollokObject;+41
j  org.uqbar.project.wollok.interpreter.AbstractWollokCallable.invokeNative(Ljava/lang/Object;Ljava/lang/String;[Lorg/uqbar/project/wollok/interpreter/core/WollokObject;)Lorg/uqbar/project/wollok/interpreter/core/WollokObject;+26
j  org.uqbar.project.wollok.interpreter.AbstractWollokCallable$1.apply()Lorg/uqbar/project/wollok/interpreter/core/WollokObject;+55
j  org.uqbar.project.wollok.interpreter.AbstractWollokCallable$1.apply()Ljava/lang/Object;+1
J 3722 C1 org.uqbar.project.wollok.interpreter.threads.WThread.performOnStack(Lorg/eclipse/emf/ecore/EObject;Lorg/uqbar/project/wollok/interpreter/context/EvaluationContext;Lorg/eclipse/xtext/xbase/lib/Functions$Function0;)Lorg/uqbar/project/wollok/interpreter/core/WollokObject; (157 bytes) @ 0x000001f333c1c444 [0x000001f333c1c100+0x344]
J 3721 C1 org.uqbar.project.wollok.interpreter.WollokInterpreter.performOnStack(Lorg/eclipse/emf/ecore/EObject;Lorg/uqbar/project/wollok/interpreter/context/EvaluationContext;Lorg/eclipse/xtext/xbase/lib/Functions$Function0;)Lorg/uqbar/project/wollok/interpreter/core/WollokObject; (11 bytes) @ 0x000001f333c1081c [0x000001f333c10740+0xdc]
j  org.uqbar.project.wollok.interpreter.AbstractWollokCallable.call(Lorg/uqbar/project/wollok/wollokDsl/WMethodDeclaration;[Lorg/uqbar/project/wollok/interpreter/core/WollokObject;)Lorg/uqbar/project/wollok/interpreter/core/WollokObject;+38
j  org.uqbar.project.wollok.interpreter.core.WollokObject.call(Ljava/lang/String;[Lorg/uqbar/project/wollok/interpreter/core/WollokObject;)Lorg/uqbar/project/wollok/interpreter/core/WollokObject;+55
j  org.uqbar.project.wollok.interpreter.WollokInterpreterEvaluator._evaluate(Lorg/uqbar/project/wollok/wollokDsl/WFeatureCall;)Lorg/uqbar/project/wollok/interpreter/core/WollokObject;+119
J 3558 C1 org.uqbar.project.wollok.launch.WollokLauncherInterpreterEvaluator.evaluate(Lorg/eclipse/emf/ecore/EObject;)Lorg/uqbar/project/wollok/interpreter/core/WollokObject; (502 bytes) @ 0x000001f333b90b84 [0x000001f333b8c9a0+0x41e4]
J 3559 C1 org.uqbar.project.wollok.interpreter.WollokInterpreter.eval(Lorg/eclipse/emf/ecore/EObject;)Lorg/uqbar/project/wollok/interpreter/core/WollokObject; (190 bytes) @ 0x000001f333b845e4 [0x000001f333b83b80+0xa64]
J 3656 C1 org.uqbar.project.wollok.interpreter.WollokInterpreterEvaluator.eval(Lorg/eclipse/emf/ecore/EObject;)Lorg/uqbar/project/wollok/interpreter/core/WollokObject; (9 bytes) @ 0x000001f333be4244 [0x000001f333be41c0+0x84]
j  org.uqbar.project.wollok.interpreter.WollokInterpreterEvaluator$1.apply(Lorg/uqbar/project/wollok/interpreter/core/WollokObject;Lorg/eclipse/emf/ecore/EObject;)Lorg/uqbar/project/wollok/interpreter/core/WollokObject;+5
j  org.uqbar.project.wollok.interpreter.WollokInterpreterEvaluator$1.apply(Ljava/lang/Object;Ljava/lang/Object;)Ljava/lang/Object;+9
J 3666 C1 org.eclipse.xtext.xbase.lib.IterableExtensions.fold(Ljava/lang/Iterable;Ljava/lang/Object;Lorg/eclipse/xtext/xbase/lib/Functions$Function2;)Ljava/lang/Object; (12 bytes) @ 0x000001f333bec6ec [0x000001f333bec440+0x2ac]
j  org.uqbar.project.wollok.interpreter.WollokInterpreterEvaluator.evalAll(Ljava/lang/Iterable;)Lorg/uqbar/project/wollok/interpreter/core/WollokObject;+12
j  org.uqbar.project.wollok.interpreter.WollokInterpreterEvaluator._evaluate(Lorg/uqbar/project/wollok/wollokDsl/WBlockExpression;)Lorg/uqbar/project/wollok/interpreter/core/WollokObject;+34
J 3558 C1 org.uqbar.project.wollok.launch.WollokLauncherInterpreterEvaluator.evaluate(Lorg/eclipse/emf/ecore/EObject;)Lorg/uqbar/project/wollok/interpreter/core/WollokObject; (502 bytes) @ 0x000001f333b941a4 [0x000001f333b8c9a0+0x7804]
J 3559 C1 org.uqbar.project.wollok.interpreter.WollokInterpreter.eval(Lorg/eclipse/emf/ecore/EObject;)Lorg/uqbar/project/wollok/interpreter/core/WollokObject; (190 bytes) @ 0x000001f333b845e4 [0x000001f333b83b80+0xa64]
j  org.uqbar.project.wollok.interpreter.AbstractWollokCallable.eval(Lorg/eclipse/emf/ecore/EObject;)Lorg/uqbar/project/wollok/interpreter/core/WollokObject;+5
j  org.uqbar.project.wollok.interpreter.AbstractWollokCallable$1.apply()Lorg/uqbar/project/wollok/interpreter/core/WollokObject;+110
j  org.uqbar.project.wollok.interpreter.AbstractWollokCallable$1.apply()Ljava/lang/Object;+1
J 3722 C1 org.uqbar.project.wollok.interpreter.threads.WThread.performOnStack(Lorg/eclipse/emf/ecore/EObject;Lorg/uqbar/project/wollok/interpreter/context/EvaluationContext;Lorg/eclipse/xtext/xbase/lib/Functions$Function0;)Lorg/uqbar/project/wollok/interpreter/core/WollokObject; (157 bytes) @ 0x000001f333c1c444 [0x000001f333c1c100+0x344]
J 3721 C1 org.uqbar.project.wollok.interpreter.WollokInterpreter.performOnStack(Lorg/eclipse/emf/ecore/EObject;Lorg/uqbar/project/wollok/interpreter/context/EvaluationContext;Lorg/eclipse/xtext/xbase/lib/Functions$Function0;)Lorg/uqbar/project/wollok/interpreter/core/WollokObject; (11 bytes) @ 0x000001f333c1081c [0x000001f333c10740+0xdc]
j  org.uqbar.project.wollok.interpreter.AbstractWollokCallable.call(Lorg/uqbar/project/wollok/wollokDsl/WMethodDeclaration;[Lorg/uqbar/project/wollok/interpreter/core/WollokObject;)Lorg/uqbar/project/wollok/interpreter/core/WollokObject;+38
j  org.uqbar.project.wollok.interpreter.core.WollokObject.call(Ljava/lang/String;[Lorg/uqbar/project/wollok/interpreter/core/WollokObject;)Lorg/uqbar/project/wollok/interpreter/core/WollokObject;+55
j  org.uqbar.project.wollok.interpreter.WollokInterpreterEvaluator._evaluate(Lorg/uqbar/project/wollok/wollokDsl/WFeatureCall;)Lorg/uqbar/project/wollok/interpreter/core/WollokObject;+119
J 3558 C1 org.uqbar.project.wollok.launch.WollokLauncherInterpreterEvaluator.evaluate(Lorg/eclipse/emf/ecore/EObject;)Lorg/uqbar/project/wollok/interpreter/core/WollokObject; (502 bytes) @ 0x000001f333b90b84 [0x000001f333b8c9a0+0x41e4]
J 3559 C1 org.uqbar.project.wollok.interpreter.WollokInterpreter.eval(Lorg/eclipse/emf/ecore/EObject;)Lorg/uqbar/project/wollok/interpreter/core/WollokObject; (190 bytes) @ 0x000001f333b845e4 [0x000001f333b83b80+0xa64]
J 3656 C1 org.uqbar.project.wollok.interpreter.WollokInterpreterEvaluator.eval(Lorg/eclipse/emf/ecore/EObject;)Lorg/uqbar/project/wollok/interpreter/core/WollokObject; (9 bytes) @ 0x000001f333be4244 [0x000001f333be41c0+0x84]
j  org.uqbar.project.wollok.interpreter.WollokInterpreterEvaluator$1.apply(Lorg/uqbar/project/wollok/interpreter/core/WollokObject;Lorg/eclipse/emf/ecore/EObject;)Lorg/uqbar/project/wollok/interpreter/core/WollokObject;+5
j  org.uqbar.project.wollok.interpreter.WollokInterpreterEvaluator$1.apply(Ljava/lang/Object;Ljava/lang/Object;)Ljava/lang/Object;+9
j  org.eclipse.xtext.xbase.lib.IteratorExtensions.fold(Ljava/util/Iterator;Ljava/lang/Object;Lorg/eclipse/xtext/xbase/lib/Functions$Function2;)Ljava/lang/Object;+19
j  org.eclipse.xtext.xbase.lib.IterableExtensions.fold(Ljava/lang/Iterable;Ljava/lang/Object;Lorg/eclipse/xtext/xbase/lib/Functions$Function2;)Ljava/lang/Object;+8
j  org.uqbar.project.wollok.interpreter.WollokInterpreterEvaluator.evalAll(Ljava/lang/Iterable;)Lorg/uqbar/project/wollok/interpreter/core/WollokObject;+12
j  org.uqbar.project.wollok.interpreter.WollokInterpreterEvaluator._evaluate(Lorg/uqbar/project/wollok/wollokDsl/WProgram;)Lorg/uqbar/project/wollok/interpreter/core/WollokObject;+18
j  org.uqbar.project.wollok.launch.WollokLauncherInterpreterEvaluator.evaluate(Lorg/eclipse/emf/ecore/EObject;)Lorg/uqbar/project/wollok/interpreter/core/WollokObject;+444
j  org.uqbar.project.wollok.interpreter.WollokInterpreterEvaluator.evaluate(Lorg/eclipse/emf/ecore/EObject;)Ljava/lang/Object;+2
j  org.uqbar.project.wollok.interpreter.WollokInterpreter.eval(Lorg/eclipse/emf/ecore/EObject;)Lorg/uqbar/project/wollok/interpreter/core/WollokObject;+63
j  org.uqbar.project.wollok.interpreter.WollokInterpreterEvaluator.eval(Lorg/eclipse/emf/ecore/EObject;)Lorg/uqbar/project/wollok/interpreter/core/WollokObject;+5
j  org.uqbar.project.wollok.launch.WollokLauncherInterpreterEvaluator._evaluate(Lorg/uqbar/project/wollok/wollokDsl/WFile;)Lorg/uqbar/project/wollok/interpreter/core/WollokObject;+32
j  org.uqbar.project.wollok.launch.WollokLauncherInterpreterEvaluator.evaluate(Lorg/eclipse/emf/ecore/EObject;)Lorg/uqbar/project/wollok/interpreter/core/WollokObject;+428
j  org.uqbar.project.wollok.interpreter.WollokInterpreterEvaluator.evaluate(Lorg/eclipse/emf/ecore/EObject;)Ljava/lang/Object;+2
j  org.uqbar.project.wollok.interpreter.WollokInterpreter.interpret(Lorg/eclipse/emf/ecore/EObject;Ljava/lang/Boolean;)Lorg/uqbar/project/wollok/interpreter/core/WollokObject;+25
j  org.uqbar.project.wollok.interpreter.WollokInterpreter.interpret(Lorg/eclipse/emf/ecore/EObject;)Lorg/uqbar/project/wollok/interpreter/core/WollokObject;+8
j  org.uqbar.project.wollok.launch.WollokLauncher.doSomething(Lorg/uqbar/project/wollok/wollokDsl/WFile;Lcom/google/inject/Injector;Ljava/io/File;Lorg/uqbar/project/wollok/launch/WollokLauncherParameters;)V+109
j  org.uqbar.project.wollok.launch.WollokChecker.launch(Ljava/lang/String;Lorg/uqbar/project/wollok/launch/WollokLauncherParameters;)V+31
j  org.uqbar.project.wollok.launch.WollokChecker.doMain([Ljava/lang/String;)V+205
j  org.uqbar.project.wollok.launch.WollokLauncher.main([Ljava/lang/String;)V+8
v  ~StubRoutines::call_stub

---------------  P R O C E S S  ---------------

Java Threads: ( => current thread )
  0x000001f3502f0000 JavaThread "com.google.inject.internal.util.$Finalizer" daemon [_thread_blocked, id=10352, stack(0x000000c8fe700000,0x000000c8fe800000)]
  0x000001f34fa74000 JavaThread "EMF Reference Cleaner" daemon [_thread_blocked, id=10244, stack(0x000000c8fe600000,0x000000c8fe700000)]
  0x000001f34f0da000 JavaThread "Service Thread" daemon [_thread_blocked, id=292, stack(0x000000c8fe400000,0x000000c8fe500000)]
  0x000001f34f07f800 JavaThread "C1 CompilerThread11" daemon [_thread_blocked, id=260, stack(0x000000c8fe300000,0x000000c8fe400000)]
  0x000001f34f07e800 JavaThread "C1 CompilerThread10" daemon [_thread_blocked, id=12044, stack(0x000000c8fe200000,0x000000c8fe300000)]
  0x000001f34f07b800 JavaThread "C1 CompilerThread9" daemon [_thread_blocked, id=14648, stack(0x000000c8fe100000,0x000000c8fe200000)]
  0x000001f34f07a800 JavaThread "C1 CompilerThread8" daemon [_thread_blocked, id=17188, stack(0x000000c8fe000000,0x000000c8fe100000)]
  0x000001f34f06e000 JavaThread "C2 CompilerThread7" daemon [_thread_blocked, id=14504, stack(0x000000c8fdf00000,0x000000c8fe000000)]
  0x000001f34f04b000 JavaThread "C2 CompilerThread6" daemon [_thread_blocked, id=6016, stack(0x000000c8fde00000,0x000000c8fdf00000)]
  0x000001f34f03a800 JavaThread "C2 CompilerThread5" daemon [_thread_blocked, id=16156, stack(0x000000c8fdd00000,0x000000c8fde00000)]
  0x000001f34f00b800 JavaThread "C2 CompilerThread4" daemon [_thread_blocked, id=10404, stack(0x000000c8fdc00000,0x000000c8fdd00000)]
  0x000001f34f003000 JavaThread "C2 CompilerThread3" daemon [_thread_blocked, id=17624, stack(0x000000c8fdb00000,0x000000c8fdc00000)]
  0x000001f34eff6800 JavaThread "C2 CompilerThread2" daemon [_thread_blocked, id=14232, stack(0x000000c8fda00000,0x000000c8fdb00000)]
  0x000001f34eff5800 JavaThread "C2 CompilerThread1" daemon [_thread_blocked, id=13476, stack(0x000000c8fd900000,0x000000c8fda00000)]
  0x000001f34eff2800 JavaThread "C2 CompilerThread0" daemon [_thread_blocked, id=16472, stack(0x000000c8fd800000,0x000000c8fd900000)]
  0x000001f34efe0000 JavaThread "Attach Listener" daemon [_thread_blocked, id=17164, stack(0x000000c8fd700000,0x000000c8fd800000)]
  0x000001f34efdf000 JavaThread "Signal Dispatcher" daemon [_thread_blocked, id=8640, stack(0x000000c8fd600000,0x000000c8fd700000)]
  0x000001f34efc0800 JavaThread "Finalizer" daemon [_thread_blocked, id=9148, stack(0x000000c8fd500000,0x000000c8fd600000)]
  0x000001f34c3d3000 JavaThread "Reference Handler" daemon [_thread_blocked, id=15684, stack(0x000000c8fd400000,0x000000c8fd500000)]
=>0x000001f3312d5800 JavaThread "main" [_thread_in_native, id=17904, stack(0x000000c8fc500000,0x000000c8fc600000)]

Other Threads:
  0x000001f34c3c9800 VMThread [stack: 0x000000c8fd300000,0x000000c8fd400000] [id=18184]
  0x000001f34f113000 WatcherThread [stack: 0x000000c8fe500000,0x000000c8fe600000] [id=18032]

VM state:not at safepoint (normal execution)

VM Mutex/Monitor currently owned by a thread: None

heap address: 0x00000006c0c00000, size: 4084 MB, Compressed Oops mode: Zero based, Oop shift amount: 3
Narrow klass base: 0x0000000000000000, Narrow klass shift: 3
Compressed class space size: 1073741824 Address: 0x00000007c0000000

Heap:
 PSYoungGen      total 141824K, used 9915K [0x000000076af00000, 0x000000077c400000, 0x00000007c0000000)
  eden space 131072K, 7% used [0x000000076af00000,0x000000076b8aee28,0x0000000772f00000)
  from space 10752K, 0% used [0x0000000772f00000,0x0000000772f00000,0x0000000773980000)
  to   space 10752K, 0% used [0x000000077b980000,0x000000077b980000,0x000000077c400000)
 ParOldGen       total 133120K, used 21224K [0x00000006c0c00000, 0x00000006c8e00000, 0x000000076af00000)
  object space 133120K, 15% used [0x00000006c0c00000,0x00000006c20ba108,0x00000006c8e00000)
 Metaspace       used 21544K, capacity 21784K, committed 21936K, reserved 1069056K
  class space    used 2695K, capacity 2784K, committed 2816K, reserved 1048576K

Card table byte_map: [0x000001f342200000,0x000001f342a00000] byte_map_base: 0x000001f33ebfa000

Marking Bits: (ParMarkBitMap*) 0x0000000067b42850
 Begin Bits: [0x000001f342f60000, 0x000001f346f30000)
 End Bits:   [0x000001f346f30000, 0x000001f34af00000)

Polling page: 0x000001f331280000

CodeCache: size=245760Kb used=14813Kb max_used=14813Kb free=230946Kb
 bounds [0x000001f332e40000, 0x000001f333cd0000, 0x000001f341e40000]
 total_blobs=4358 nmethods=3913 adapters=354
 compilation: enabled

Compilation events (10 events):
Event: 2.268 Thread 0x000001f34f07e800 3908       3       java.io.FileInputStream::read (9 bytes)
Event: 2.268 Thread 0x000001f34f07e800 nmethod 3908 0x000001f333cbdd90 code [0x000001f333cbdf00, 0x000001f333cbe090]
Event: 2.275 Thread 0x000001f34f07a800 3909       3       java.nio.DirectByteBuffer::put (18 bytes)
Event: 2.275 Thread 0x000001f34f07b800 3910       3       java.nio.DirectByteBuffer::ix (10 bytes)
Event: 2.275 Thread 0x000001f34f07b800 nmethod 3910 0x000001f333cbe910 code [0x000001f333cbea60, 0x000001f333cbebb8]
Event: 2.275 Thread 0x000001f34f07a800 nmethod 3909 0x000001f333cbec50 code [0x000001f333cbedc0, 0x000001f333cbf038]
Event: 2.276 Thread 0x000001f34f07f800 3912       3       java.nio.DirectByteBuffer::put (18 bytes)
Event: 2.276 Thread 0x000001f34f07b800 3913       1       java.nio.DirectByteBuffer::ix (10 bytes)
Event: 2.276 Thread 0x000001f34f07b800 nmethod 3913 0x000001f333cbf150 code [0x000001f333cbf2a0, 0x000001f333cbf3b8]
Event: 2.276 Thread 0x000001f34f07f800 nmethod 3912 0x000001f333cbf410 code [0x000001f333cbf580, 0x000001f333cbf7f8]

GC Heap History (8 events):
Event: 0.655 GC heap before
{Heap before GC invocations=1 (full 0):
 PSYoungGen      total 76288K, used 65536K [0x000000076af00000, 0x0000000770400000, 0x00000007c0000000)
  eden space 65536K, 100% used [0x000000076af00000,0x000000076ef00000,0x000000076ef00000)
  from space 10752K, 0% used [0x000000076f980000,0x000000076f980000,0x0000000770400000)
  to   space 10752K, 0% used [0x000000076ef00000,0x000000076ef00000,0x000000076f980000)
 ParOldGen       total 175104K, used 0K [0x00000006c0c00000, 0x00000006cb700000, 0x000000076af00000)
  object space 175104K, 0% used [0x00000006c0c00000,0x00000006c0c00000,0x00000006cb700000)
 Metaspace       used 8784K, capacity 8936K, committed 9088K, reserved 1056768K
  class space    used 1047K, capacity 1076K, committed 1152K, reserved 1048576K
Event: 0.662 GC heap after
Heap after GC invocations=1 (full 0):
 PSYoungGen      total 76288K, used 10749K [0x000000076af00000, 0x0000000774400000, 0x00000007c0000000)
  eden space 65536K, 0% used [0x000000076af00000,0x000000076af00000,0x000000076ef00000)
  from space 10752K, 99% used [0x000000076ef00000,0x000000076f97f500,0x000000076f980000)
  to   space 10752K, 0% used [0x0000000773980000,0x0000000773980000,0x0000000774400000)
 ParOldGen       total 175104K, used 3754K [0x00000006c0c00000, 0x00000006cb700000, 0x000000076af00000)
  object space 175104K, 2% used [0x00000006c0c00000,0x00000006c0faa860,0x00000006cb700000)
 Metaspace       used 8784K, capacity 8936K, committed 9088K, reserved 1056768K
  class space    used 1047K, capacity 1076K, committed 1152K, reserved 1048576K
}
Event: 1.246 GC heap before
{Heap before GC invocations=2 (full 0):
 PSYoungGen      total 76288K, used 76285K [0x000000076af00000, 0x0000000774400000, 0x00000007c0000000)
  eden space 65536K, 100% used [0x000000076af00000,0x000000076ef00000,0x000000076ef00000)
  from space 10752K, 99% used [0x000000076ef00000,0x000000076f97f500,0x000000076f980000)
  to   space 10752K, 0% used [0x0000000773980000,0x0000000773980000,0x0000000774400000)
 ParOldGen       total 175104K, used 3754K [0x00000006c0c00000, 0x00000006cb700000, 0x000000076af00000)
  object space 175104K, 2% used [0x00000006c0c00000,0x00000006c0faa860,0x00000006cb700000)
 Metaspace       used 15258K, capacity 15370K, committed 15616K, reserved 1062912K
  class space    used 1924K, capacity 1951K, committed 2048K, reserved 1048576K
Event: 1.256 GC heap after
Heap after GC invocations=2 (full 0):
 PSYoungGen      total 141824K, used 10720K [0x000000076af00000, 0x0000000774400000, 0x00000007c0000000)
  eden space 131072K, 0% used [0x000000076af00000,0x000000076af00000,0x0000000772f00000)
  from space 10752K, 99% used [0x0000000773980000,0x00000007743f8050,0x0000000774400000)
  to   space 10752K, 0% used [0x0000000772f00000,0x0000000772f00000,0x0000000773980000)
 ParOldGen       total 175104K, used 13405K [0x00000006c0c00000, 0x00000006cb700000, 0x000000076af00000)
  object space 175104K, 7% used [0x00000006c0c00000,0x00000006c1917578,0x00000006cb700000)
 Metaspace       used 15258K, capacity 15370K, committed 15616K, reserved 1062912K
  class space    used 1924K, capacity 1951K, committed 2048K, reserved 1048576K
}
Event: 2.134 GC heap before
{Heap before GC invocations=3 (full 0):
 PSYoungGen      total 141824K, used 92819K [0x000000076af00000, 0x0000000774400000, 0x00000007c0000000)
  eden space 131072K, 62% used [0x000000076af00000,0x000000076ff2cea8,0x0000000772f00000)
  from space 10752K, 99% used [0x0000000773980000,0x00000007743f8050,0x0000000774400000)
  to   space 10752K, 0% used [0x0000000772f00000,0x0000000772f00000,0x0000000773980000)
 ParOldGen       total 175104K, used 13405K [0x00000006c0c00000, 0x00000006cb700000, 0x000000076af00000)
  object space 175104K, 7% used [0x00000006c0c00000,0x00000006c1917578,0x00000006cb700000)
 Metaspace       used 20996K, capacity 21240K, committed 21296K, reserved 1069056K
  class space    used 2626K, capacity 2688K, committed 2688K, reserved 1048576K
Event: 2.144 GC heap after
Heap after GC invocations=3 (full 0):
 PSYoungGen      total 141824K, used 10720K [0x000000076af00000, 0x000000077c400000, 0x00000007c0000000)
  eden space 131072K, 0% used [0x000000076af00000,0x000000076af00000,0x0000000772f00000)
  from space 10752K, 99% used [0x0000000772f00000,0x0000000773978050,0x0000000773980000)
  to   space 10752K, 0% used [0x000000077b980000,0x000000077b980000,0x000000077c400000)
 ParOldGen       total 175104K, used 20673K [0x00000006c0c00000, 0x00000006cb700000, 0x000000076af00000)
  object space 175104K, 11% used [0x00000006c0c00000,0x00000006c2030628,0x00000006cb700000)
 Metaspace       used 20996K, capacity 21240K, committed 21296K, reserved 1069056K
  class space    used 2626K, capacity 2688K, committed 2688K, reserved 1048576K
}
Event: 2.144 GC heap before
{Heap before GC invocations=4 (full 1):
 PSYoungGen      total 141824K, used 10720K [0x000000076af00000, 0x000000077c400000, 0x00000007c0000000)
  eden space 131072K, 0% used [0x000000076af00000,0x000000076af00000,0x0000000772f00000)
  from space 10752K, 99% used [0x0000000772f00000,0x0000000773978050,0x0000000773980000)
  to   space 10752K, 0% used [0x000000077b980000,0x000000077b980000,0x000000077c400000)
 ParOldGen       total 175104K, used 20673K [0x00000006c0c00000, 0x00000006cb700000, 0x000000076af00000)
  object space 175104K, 11% used [0x00000006c0c00000,0x00000006c2030628,0x00000006cb700000)
 Metaspace       used 20996K, capacity 21240K, committed 21296K, reserved 1069056K
  class space    used 2626K, capacity 2688K, committed 2688K, reserved 1048576K
Event: 2.177 GC heap after
Heap after GC invocations=4 (full 1):
 PSYoungGen      total 141824K, used 0K [0x000000076af00000, 0x000000077c400000, 0x00000007c0000000)
  eden space 131072K, 0% used [0x000000076af00000,0x000000076af00000,0x0000000772f00000)
  from space 10752K, 0% used [0x0000000772f00000,0x0000000772f00000,0x0000000773980000)
  to   space 10752K, 0% used [0x000000077b980000,0x000000077b980000,0x000000077c400000)
 ParOldGen       total 133120K, used 21224K [0x00000006c0c00000, 0x00000006c8e00000, 0x000000076af00000)
  object space 133120K, 15% used [0x00000006c0c00000,0x00000006c20ba108,0x00000006c8e00000)
 Metaspace       used 20996K, capacity 21240K, committed 21296K, reserved 1069056K
  class space    used 2626K, capacity 2688K, committed 2688K, reserved 1048576K
}

Deoptimization events (10 events):
Event: 1.662 Thread 0x000001f3312d5800 Uncommon trap: reason=unstable_if action=reinterpret pc=0x000001f333848c4c method=java.util.HashMap.computeIfAbsent(Ljava/lang/Object;Ljava/util/function/Function;)Ljava/lang/Object; @ 44
Event: 1.674 Thread 0x000001f3312d5800 Uncommon trap: reason=class_check action=maybe_recompile pc=0x000001f3337d9988 method=org.eclipse.xtext.nodemodel.impl.NodeModelBuilder.addChild(Lorg/eclipse/xtext/nodemodel/ICompositeNode;Lorg/eclipse/xtext/nodemodel/impl/AbstractNode;)V @ 6
Event: 1.680 Thread 0x000001f3312d5800 Uncommon trap: reason=unstable_if action=reinterpret pc=0x000001f3339419e4 method=org.eclipse.xtext.nodemodel.impl.InternalNodeModelUtils.computeLineBreaks(Ljava/lang/String;)[I @ 37
Event: 1.681 Thread 0x000001f3312d5800 Uncommon trap: reason=class_check action=maybe_recompile pc=0x000001f3337eb1d8 method=org.eclipse.xtext.nodemodel.impl.NodeModelBuilder.addChild(Lorg/eclipse/xtext/nodemodel/ICompositeNode;Lorg/eclipse/xtext/nodemodel/impl/AbstractNode;)V @ 6
Event: 1.788 Thread 0x000001f3312d5800 Uncommon trap: reason=unstable_if action=reinterpret pc=0x000001f333520334 method=java.util.concurrent.ConcurrentHashMap.putVal(Ljava/lang/Object;Ljava/lang/Object;Z)Ljava/lang/Object; @ 181
Event: 1.886 Thread 0x000001f3312d5800 Uncommon trap: reason=unstable_if action=reinterpret pc=0x000001f333a1c2d4 method=org.uqbar.project.wollok.wollokDsl.impl.WMemberFeatureCallImpl.eIsSet(I)Z @ 104
Event: 2.185 Thread 0x000001f3312d5800 Uncommon trap: reason=unstable_if action=reinterpret pc=0x000001f333acd168 method=java.io.WinNTFileSystem.normalize(Ljava/lang/String;)Ljava/lang/String; @ 49
Event: 2.194 Thread 0x000001f3312d5800 Uncommon trap: reason=unstable_if action=reinterpret pc=0x000001f333658248 method=sun.security.provider.DigestBase.engineUpdate([BII)V @ 1
Event: 2.248 Thread 0x000001f3312d5800 Uncommon trap: reason=unstable_if action=reinterpret pc=0x000001f3331b0f1c method=java.lang.ThreadLocal$ThreadLocalMap.getEntry(Ljava/lang/ThreadLocal;)Ljava/lang/ThreadLocal$ThreadLocalMap$Entry; @ 29
Event: 2.248 Thread 0x000001f3312d5800 Uncommon trap: reason=unstable_if action=reinterpret pc=0x000001f3331b19ac method=java.lang.ThreadLocal$ThreadLocalMap.getEntry(Ljava/lang/ThreadLocal;)Ljava/lang/ThreadLocal$ThreadLocalMap$Entry; @ 29

Classes redefined (0 events):
No events

Internal exceptions (10 events):
Event: 1.905 Thread 0x000001f3312d5800 Exception <a 'java/lang/reflect/InvocationTargetException'> (0x000000076df2a658) thrown at [J:\jenkins\tmp\workspace\build\src\hotspot\src\share\vm\runtime\reflection.cpp, line 1092]
Event: 1.905 Thread 0x000001f3312d5800 Exception <a 'java/lang/reflect/InvocationTargetException'> (0x000000076df43710) thrown at [J:\jenkins\tmp\workspace\build\src\hotspot\src\share\vm\runtime\reflection.cpp, line 1092]
Event: 1.906 Thread 0x000001f3312d5800 Exception <a 'java/lang/reflect/InvocationTargetException'> (0x000000076df5c798) thrown at [J:\jenkins\tmp\workspace\build\src\hotspot\src\share\vm\runtime\reflection.cpp, line 1092]
Event: 1.907 Thread 0x000001f3312d5800 Exception <a 'java/lang/reflect/InvocationTargetException'> (0x000000076df78008) thrown at [J:\jenkins\tmp\workspace\build\src\hotspot\src\share\vm\runtime\reflection.cpp, line 1092]
Event: 2.281 Thread 0x000001f3312d5800 Exception <a 'java/security/PrivilegedActionException'> (0x000000076b669018) thrown at [J:\jenkins\tmp\workspace\build\src\hotspot\src\share\vm\prims\jvm.cpp, line 1524]
Event: 2.282 Thread 0x000001f3312d5800 Exception <a 'java/security/PrivilegedActionException'> (0x000000076b66a548) thrown at [J:\jenkins\tmp\workspace\build\src\hotspot\src\share\vm\prims\jvm.cpp, line 1524]
Event: 2.282 Thread 0x000001f3312d5800 Exception <a 'java/security/PrivilegedActionException'> (0x000000076b66b978) thrown at [J:\jenkins\tmp\workspace\build\src\hotspot\src\share\vm\prims\jvm.cpp, line 1524]
Event: 2.282 Thread 0x000001f3312d5800 Exception <a 'java/security/PrivilegedActionException'> (0x000000076b66d038) thrown at [J:\jenkins\tmp\workspace\build\src\hotspot\src\share\vm\prims\jvm.cpp, line 1524]
Event: 2.282 Thread 0x000001f3312d5800 Exception <a 'java/security/PrivilegedActionException'> (0x000000076b66e430) thrown at [J:\jenkins\tmp\workspace\build\src\hotspot\src\share\vm\prims\jvm.cpp, line 1524]
Event: 2.282 Thread 0x000001f3312d5800 Exception <a 'java/security/PrivilegedActionException'> (0x000000076b66f7f8) thrown at [J:\jenkins\tmp\workspace\build\src\hotspot\src\share\vm\prims\jvm.cpp, line 1524]

Events (10 events):
Event: 2.357 loading class org/lwjgl/openal/ALCdevice
Event: 2.357 loading class org/lwjgl/openal/ALCdevice done
Event: 2.358 loading class org/lwjgl/openal/ALCcontext
Event: 2.358 loading class org/lwjgl/openal/ALCcontext done
Event: 2.358 loading class java/nio/DirectIntBufferU
Event: 2.358 loading class java/nio/DirectIntBufferU done
Event: 2.358 loading class org/lwjgl/openal/Util
Event: 2.358 loading class org/lwjgl/openal/Util done
Event: 2.358 loading class org/lwjgl/openal/OpenALException
Event: 2.358 loading class org/lwjgl/openal/OpenALException done


Dynamic libraries:
0x00007ff773960000 - 0x00007ff77399a000 	Y:\CProgram Files\Eclipse Temurin\bin\javaw.exe
0x00007ffe8c910000 - 0x00007ffe8cb08000 	C:\WINDOWS\SYSTEM32\ntdll.dll
0x00007ffe8c810000 - 0x00007ffe8c8cd000 	C:\WINDOWS\System32\KERNEL32.DLL
0x00007ffe8a420000 - 0x00007ffe8a6f2000 	C:\WINDOWS\System32\KERNELBASE.dll
0x00007ffe8c360000 - 0x00007ffe8c40e000 	C:\WINDOWS\System32\ADVAPI32.dll
0x00007ffe8abb0000 - 0x00007ffe8ac4e000 	C:\WINDOWS\System32\msvcrt.dll
0x00007ffe8c520000 - 0x00007ffe8c5bc000 	C:\WINDOWS\System32\sechost.dll
0x00007ffe8c5c0000 - 0x00007ffe8c6e5000 	C:\WINDOWS\System32\RPCRT4.dll
0x00007ffe8c130000 - 0x00007ffe8c2cd000 	C:\WINDOWS\System32\USER32.dll
0x00007ffe8a1d0000 - 0x00007ffe8a1f2000 	C:\WINDOWS\System32\win32u.dll
0x00007ffe8aab0000 - 0x00007ffe8aadb000 	C:\WINDOWS\System32\GDI32.dll
0x00007ffe8a860000 - 0x00007ffe8a96f000 	C:\WINDOWS\System32\gdi32full.dll
0x00007ffe8a730000 - 0x00007ffe8a7cd000 	C:\WINDOWS\System32\msvcp_win.dll
0x00007ffe8a020000 - 0x00007ffe8a120000 	C:\WINDOWS\System32\ucrtbase.dll
0x00007ffe780b0000 - 0x00007ffe7834a000 	C:\WINDOWS\WinSxS\amd64_microsoft.windows.common-controls_6595b64144ccf1df_6.0.19041.1110_none_60b5254171f9507e\COMCTL32.dll
0x00007ffe8c470000 - 0x00007ffe8c4a0000 	C:\WINDOWS\System32\IMM32.DLL
0x00007ffe54280000 - 0x00007ffe5436f000 	Y:\CProgram Files\Eclipse Temurin\jre\bin\msvcr120.dll
0x00007ffe44ec0000 - 0x00007ffe44f66000 	Y:\CProgram Files\Eclipse Temurin\jre\bin\msvcp120.dll
0x0000000067350000 - 0x0000000067bc1000 	Y:\CProgram Files\Eclipse Temurin\jre\bin\server\jvm.dll
0x00007ffe8aaa0000 - 0x00007ffe8aaa8000 	C:\WINDOWS\System32\PSAPI.DLL
0x00007ffe820a0000 - 0x00007ffe820aa000 	C:\WINDOWS\SYSTEM32\VERSION.dll
0x00007ffe876c0000 - 0x00007ffe876c9000 	C:\WINDOWS\SYSTEM32\WSOCK32.dll
0x00007ffe82070000 - 0x00007ffe82097000 	C:\WINDOWS\SYSTEM32\WINMM.dll
0x00007ffe8bff0000 - 0x00007ffe8c05b000 	C:\WINDOWS\System32\WS2_32.dll
0x00007ffe876b0000 - 0x00007ffe876bf000 	Y:\CProgram Files\Eclipse Temurin\jre\bin\verify.dll
0x00007ffe7eb50000 - 0x00007ffe7eb79000 	Y:\CProgram Files\Eclipse Temurin\jre\bin\java.dll
0x00007ffe7eb30000 - 0x00007ffe7eb46000 	Y:\CProgram Files\Eclipse Temurin\jre\bin\zip.dll
0x00007ffe8b8a0000 - 0x00007ffe8bfe3000 	C:\WINDOWS\System32\SHELL32.dll
0x00007ffe88100000 - 0x00007ffe88891000 	C:\WINDOWS\SYSTEM32\windows.storage.dll
0x00007ffe8b270000 - 0x00007ffe8b5c4000 	C:\WINDOWS\System32\combase.dll
0x00007ffe89a80000 - 0x00007ffe89ab0000 	C:\WINDOWS\SYSTEM32\Wldp.dll
0x00007ffe8c750000 - 0x00007ffe8c7fd000 	C:\WINDOWS\System32\SHCORE.dll
0x00007ffe8c410000 - 0x00007ffe8c465000 	C:\WINDOWS\System32\shlwapi.dll
0x00007ffe89f60000 - 0x00007ffe89f7f000 	C:\WINDOWS\SYSTEM32\profapi.dll
0x0000000065580000 - 0x0000000065616000 	C:\Users\Yo\AppData\Local\Temp\libgdxYo\12dfaa03\gdx64.dll
0x00007ffe899e0000 - 0x00007ffe899f8000 	C:\WINDOWS\SYSTEM32\CRYPTSP.dll
0x00007ffe89090000 - 0x00007ffe890c4000 	C:\WINDOWS\system32\rsaenh.dll
0x00007ffe8a700000 - 0x00007ffe8a727000 	C:\WINDOWS\System32\bcrypt.dll
0x00007ffe89f20000 - 0x00007ffe89f4e000 	C:\WINDOWS\SYSTEM32\USERENV.dll
0x00007ffe8a7d0000 - 0x00007ffe8a852000 	C:\WINDOWS\System32\bcryptprimitives.dll
0x00007ffe899d0000 - 0x00007ffe899dc000 	C:\WINDOWS\SYSTEM32\CRYPTBASE.dll
0x00007ffe7eb10000 - 0x00007ffe7eb2a000 	Y:\CProgram Files\Eclipse Temurin\jre\bin\net.dll
0x00007ffe897e0000 - 0x00007ffe8984a000 	C:\WINDOWS\system32\mswsock.dll
0x00007ffe89480000 - 0x00007ffe894bb000 	C:\WINDOWS\SYSTEM32\IPHLPAPI.DLL
0x00007ffe8aae0000 - 0x00007ffe8aae8000 	C:\WINDOWS\System32\NSI.dll
0x00007ffe845a0000 - 0x00007ffe845b7000 	C:\WINDOWS\SYSTEM32\dhcpcsvc6.DLL
0x00007ffe84580000 - 0x00007ffe8459d000 	C:\WINDOWS\SYSTEM32\dhcpcsvc.DLL
0x00007ffe894c0000 - 0x00007ffe8958a000 	C:\WINDOWS\SYSTEM32\DNSAPI.dll
0x00007ffe7eaf0000 - 0x00007ffe7eb02000 	Y:\CProgram Files\Eclipse Temurin\jre\bin\nio.dll
0x0000000180000000 - 0x0000000180053000 	C:\Users\Yo\AppData\Local\Temp\libgdxYo\dc0f0009\lwjgl64.dll
0x00007ffe43390000 - 0x00007ffe434b7000 	C:\WINDOWS\SYSTEM32\OPENGL32.dll
0x00007ffe6a770000 - 0x00007ffe6a79c000 	C:\WINDOWS\SYSTEM32\GLU32.dll
0x000001f34c110000 - 0x000001f34c174000 	C:\Users\Yo\AppData\Local\Temp\libgdxYo\dc0f0009\OpenAL64.dll
0x00007ffe8a970000 - 0x00007ffe8aa9a000 	C:\WINDOWS\System32\ole32.dll
0x00007ffe87f00000 - 0x00007ffe87f12000 	C:\WINDOWS\SYSTEM32\kernel.appcore.dll
0x00007ffe87a20000 - 0x00007ffe87abe000 	C:\WINDOWS\system32\uxtheme.dll
0x000001f355290000 - 0x000001f355502000 	C:\Program Files (x86)\RivaTuner Statistics Server\RTSSHooks64.dll
0x00007ffe8b5d0000 - 0x00007ffe8b67f000 	C:\WINDOWS\System32\clbcatq.dll
0x00007ffe43560000 - 0x00007ffe435fc000 	C:\WINDOWS\SYSTEM32\dsound.dll
0x00007ffe79360000 - 0x00007ffe79386000 	C:\WINDOWS\SYSTEM32\winmmbase.dll
0x00007ffe895a0000 - 0x00007ffe895eb000 	C:\WINDOWS\SYSTEM32\powrprof.dll
0x00007ffe89460000 - 0x00007ffe89472000 	C:\WINDOWS\SYSTEM32\UMPDC.dll
0x00007ffe7f240000 - 0x00007ffe7f2c5000 	C:\WINDOWS\System32\MMDevApi.dll
0x00007ffe89dd0000 - 0x00007ffe89dfc000 	C:\WINDOWS\System32\DEVOBJ.dll
0x00007ffe8a360000 - 0x00007ffe8a3ae000 	C:\WINDOWS\System32\cfgmgr32.dll
0x00007ffe72e10000 - 0x00007ffe72f92000 	C:\WINDOWS\SYSTEM32\AUDIOSES.DLL
0x00007ffe8c060000 - 0x00007ffe8c12d000 	C:\WINDOWS\System32\OLEAUT32.dll
0x00007ffe82cc0000 - 0x00007ffe82ea4000 	C:\WINDOWS\SYSTEM32\dbghelp.dll

VM Arguments:
jvm_args: -Duser.language=es_AR -Dfile.encoding=UTF-8 
java_command: org.uqbar.project.wollok.launch.WollokLauncher -requestsPort 0 -eventsPort 0 -folder -dontValidate -coercingStrategy decimals -wf src/juego.wpgm -darkMode
java_class_path (initial): Y:\Yo\Coding\Wollok\2022-tpgame-hellfish2022\bin;Y:\Yo\Random\Wollok\plugins\com.ibm.icu_64.2.0.v20190507-1337.jar;Y:\Yo\Random\Wollok\plugins\org.eclipse.xtext_2.20.0.v20191202-0915.jar;Y:\Yo\Random\Wollok\plugins\org.eclipse.emf.ecore.xmi_2.16.0.v20190528-0725.jar;Y:\Yo\Random\Wollok\plugins\org.eclipse.emf.ecore_2.20.0.v20190920-0401.jar;Y:\Yo\Random\Wollok\plugins\org.eclipse.emf.common_2.17.0.v20190920-0401.jar;Y:\Yo\Random\Wollok\plugins\org.antlr.runtime_3.2.0.v201101311130.jar;Y:\Yo\Random\Wollok\plugins\com.google.inject_3.0.0.v201605172100.jar;Y:\Yo\Random\Wollok\plugins\org.eclipse.emf.mwe.core_1.5.1.v20191121-1148.jar;Y:\Yo\Random\Wollok\plugins\org.apache.commons.cli_1.2.0.v201404270220.jar;Y:\Yo\Random\Wollok\plugins\org.eclipse.emf.mwe2.runtime_2.11.1.v20191121-1148.jar;Y:\Yo\Random\Wollok\plugins\org.eclipse.emf.mwe.utils_1.5.1.v20191121-1148.jar;Y:\Yo\Random\Wollok\plugins\org.eclipse.xtext.util_2.20.0.v20191202-0915.jar;Y:\Yo\Random\Wollok\plugins\com.google.guava_27.1.0.v20190517-1946.jar;Y:\Yo\Random\Wollok\plugins\javax.inject_1.0.0.v20091030.jar;Y:\Yo\Random\Wollok\plugins\org.eclipse.xtext.generator_2.20.0.v20191202-0933.jar;Y:\Yo\Random\Wollok\plugins\org.eclipse.xtext.xtext.generator_2.20.0.v20191202-0915.jar;Y:\Yo\Random\Wollok\plugins\org.eclipse.xtext.xbase.lib_2.20.0.v20191202-0907.jar;Y:\Yo\Random\Wollok\plugins\org.eclipse.emf.codegen.ecore_2.20.0.v20191012-0918.jar;Y:\Yo\Random\Wollok\plugins\org.eclipse.emf.codegen_2.19.0.v20190821-1536.jar;Y:\Yo\Random\Wollok\plugins\org.eclipse.xtend_2.2.0.v201605260315.jar;Y:\Yo\Random\Wollok\plugins\org.eclipse.xpand_2.2.0.v201605260315.jar;Y:\Yo\Random\Wollok\plugins\org.eclipse.xtend.typesystem.emf_2.2.0.v201605260315.jar;Y:\Yo\Random\Wollok\plugins\org.uqbar.project.wollok_3.0.0.jar;Y:\Yo\Random\Wollok\plugins\org.eclipse.xtext.xbase_2.20.0.v20191202-0933.jar;Y:\Yo\Random\Wollok\plugins\org.eclipse.xtext.common.types_2.20.0.v20191202-0933.jar;Y:\Yo\Random\Wollok\pl
Launcher Type: SUN_STANDARD

Environment Variables:
PATH=Y:/CProgram Files/Eclipse Temurin/bin/../jre/bin/server;Y:/CProgram Files/Eclipse Temurin/bin/../jre/bin;Y:/CProgram Files/Eclipse Temurin/bin/../jre/lib/amd64;Y:\CProgram Files\Eclipse Temurin\bin;C:\Program Files\Common Files\Oracle\Java\javapath;C:\Program Files (x86)\Common Files\Intel\Shared Libraries\redist\intel64_win\compiler;C:\WINDOWS\system32;C:\WINDOWS;C:\WINDOWS\System32\Wbem;C:\WINDOWS\System32\WindowsPowerShell\v1.0\;C:\WINDOWS\System32\OpenSSH\;C:\ProgramData\chocolatey\bin;C:\MinGW\bin;C:\Program Files\Git\cmd;C:\Program Files\swipl\bin;C:\Program Files\Erlang OTP\bin;C:\Program Files (x86)\Elixir\bin;%USERPROFILE%\.mix\escripts;C:\Users\Yo\AppData\Roaming\local\bin;C:\Users\Yo\AppData\Local\Microsoft\WindowsApps;Y:\Yo\Visual code\Microsoft VS Code\bin;C:\Users\Yo\AppData\Local\Programs\Microsoft VS Code\bin;C:\MinGW\bin;Y:\Yo\Random\Wollok;
USERNAME=Yo
OS=Windows_NT
PROCESSOR_IDENTIFIER=AMD64 Family 23 Model 1 Stepping 1, AuthenticAMD



---------------  S Y S T E M  ---------------

OS: Windows 10.0 , 64 bit Build 19041 (10.0.19041.1889)

CPU:total 16 (initial active 16) (16 cores per cpu, 1 threads per core) family 23 model 1 stepping 1, cmov, cx8, fxsr, mmx, sse, sse2, sse3, ssse3, sse4.1, sse4.2, popcnt, avx, avx2, aes, clmul, mmxext, 3dnowpref, lzcnt, sse4a, tsc, tscinvbit, tscinv, bmi1

Memory: 4k page, physical 16727212k(7913356k free), swap 56048812k(39245880k free)

vm_info: OpenJDK 64-Bit Server VM (25.345-b01) for windows-amd64 JRE (1.8.0_345-b01), built on Aug  2 2022 10:16:38 by "jenkins" with MS VC++ 12.0 (VS2013)

time: Thu Oct 13 16:02:26 2022
timezone: Hora estándar de Argentina
elapsed time: 2.400917 seconds (0d 0h 0m 2s)

